CSDP 6.2.0
Iter:  0 Ap: 0.00e+00 Pobj: -1.0000000e+01 Ad: 0.00e+00 Dobj:  0.0000000e+00
Iter:  1 Ap: 8.55e-01 Pobj: -9.6744782e+01 Ad: 3.32e-01 Dobj:  8.8138119e+00
Iter:  2 Ap: 1.00e+00 Pobj: -1.1055596e+02 Ad: 8.68e-01 Dobj: -1.0991445e-01
Iter:  3 Ap: 1.00e+00 Pobj: -9.3697582e+01 Ad: 9.37e-01 Dobj: -2.5255029e-01
Iter:  4 Ap: 9.53e-01 Pobj: -6.6425383e+01 Ad: 9.53e-01 Dobj: -3.4142449e-01
Iter:  5 Ap: 9.74e-01 Pobj: -6.1667377e+01 Ad: 6.53e-01 Dobj: -3.8890592e-01
Iter:  6 Ap: 1.00e+00 Pobj: -6.4944105e+01 Ad: 5.88e-01 Dobj: -3.9791868e-01
Iter:  7 Ap: 9.87e-01 Pobj: -4.2054232e+01 Ad: 7.94e-01 Dobj: -3.9998353e-01
Iter:  8 Ap: 1.00e+00 Pobj: -2.2381087e+01 Ad: 7.74e-01 Dobj: -4.0036316e-01
Iter:  9 Ap: 7.45e-01 Pobj: -1.5698690e+01 Ad: 8.71e-01 Dobj: -4.0008105e-01
Iter: 10 Ap: 7.90e-01 Pobj: -9.6963924e+00 Ad: 1.00e+00 Dobj: -4.0026284e-01
Iter: 11 Ap: 1.00e+00 Pobj: -1.3856899e+00 Ad: 1.00e+00 Dobj: -4.0219382e-01
Iter: 12 Ap: 1.00e+00 Pobj: -8.2402608e-01 Ad: 1.00e+00 Dobj: -4.2062591e-01
Iter: 13 Ap: 7.91e-01 Pobj: -7.3169641e-01 Ad: 1.00e+00 Dobj: -4.4895518e-01
Iter: 14 Ap: 2.38e-01 Pobj: -7.2092090e-01 Ad: 7.93e-01 Dobj: -4.4534956e-01
Iter: 15 Ap: 9.10e-01 Pobj: -6.5604706e-01 Ad: 1.00e+00 Dobj: -4.7947892e-01
Iter: 16 Ap: 1.00e+00 Pobj: -6.0430646e-01 Ad: 1.00e+00 Dobj: -5.0447689e-01
Iter: 17 Ap: 1.00e+00 Pobj: -5.7913418e-01 Ad: 1.00e+00 Dobj: -5.3378712e-01
Iter: 18 Ap: 6.14e-01 Pobj: -5.7276866e-01 Ad: 1.00e+00 Dobj: -5.4231263e-01
Iter: 19 Ap: 1.00e+00 Pobj: -5.6482868e-01 Ad: 1.00e+00 Dobj: -5.5133332e-01
Iter: 20 Ap: 1.00e+00 Pobj: -5.6272358e-01 Ad: 1.00e+00 Dobj: -5.5733537e-01
Iter: 21 Ap: 1.00e+00 Pobj: -5.6217825e-01 Ad: 1.00e+00 Dobj: -5.5949152e-01
Iter: 22 Ap: 1.00e+00 Pobj: -5.6188977e-01 Ad: 1.00e+00 Dobj: -5.6082698e-01
Iter: 23 Ap: 1.00e+00 Pobj: -5.6178593e-01 Ad: 1.00e+00 Dobj: -5.6123270e-01
Iter: 24 Ap: 1.00e+00 Pobj: -5.6171461e-01 Ad: 1.00e+00 Dobj: -5.6151604e-01
Iter: 25 Ap: 8.99e-01 Pobj: -5.6169663e-01 Ad: 1.00e+00 Dobj: -5.6157950e-01
Iter: 26 Ap: 1.00e+00 Pobj: -5.6167883e-01 Ad: 1.00e+00 Dobj: -5.6164055e-01
Iter: 27 Ap: 1.00e+00 Pobj: -5.6167156e-01 Ad: 1.00e+00 Dobj: -5.6166582e-01
Iter: 28 Ap: 1.00e+00 Pobj: -5.6166861e-01 Ad: 1.00e+00 Dobj: -5.6167601e-01
Iter: 29 Ap: 9.93e-01 Pobj: -5.6166684e-01 Ad: 8.85e-01 Dobj: -5.6167137e-01
Iter: 30 Ap: 4.98e-01 Pobj: -5.6166667e-01 Ad: 6.67e-01 Dobj: -5.6166712e-01
Iter: 31 Ap: 3.01e-01 Pobj: -5.6166652e-01 Ad: 8.70e-01 Dobj: -5.6166560e-01
Iter: 32 Ap: 6.93e-01 Pobj: -5.6166610e-01 Ad: 8.55e-01 Dobj: -5.6166564e-01
Iter: 33 Ap: 7.82e-01 Pobj: -5.6166584e-01 Ad: 9.62e-01 Dobj: -5.6166542e-01
Iter: 34 Ap: 1.00e+00 Pobj: -5.6166565e-01 Ad: 1.00e+00 Dobj: -5.6166559e-01
Iter: 35 Ap: 1.00e+00 Pobj: -5.6166561e-01 Ad: 1.00e+00 Dobj: -5.6166560e-01
Iter: 36 Ap: 9.05e-01 Pobj: -5.6166560e-01 Ad: 9.08e-01 Dobj: -5.6166560e-01
Success: SDP solved
Primal objective value: -5.6166560e-01
Dual objective value: -5.6166560e-01
Relative primal infeasibility: 3.58e-12
Relative dual infeasibility: 8.99e-11
Real Relative Gap: -2.40e-10
XZ Relative Gap: 1.61e-09
DIMACS error measures: 3.02e-11 0.00e+00 1.74e-10 0.00e+00 -2.40e-10 1.61e-09
Elements time: 2.672017
Factor time: 0.050737
Other time: 0.214366
Total time: 2.937120
